# JRE version: Java(TM) SE Runtime Environment (8.0_45-b15) (build 1.8.0_45-b15)
# Java VM: Java HotSpot(TM) 64-Bit Server VM (25.45-b02 mixed mode windows-amd64 compressed oops)
Heap:
 PSYoungGen      total 138240K, used 120896K [0x00000000d5800000, 0x00000000e7500000, 0x0000000100000000)
  eden space 133120K, 90% used [0x00000000d5800000,0x00000000dce10120,0x00000000dda00000)
  from space 5120K, 0% used [0x00000000dda00000,0x00000000dda00000,0x00000000ddf00000)
  to   space 33792K, 0% used [0x00000000e5400000,0x00000000e5400000,0x00000000e7500000)
 ParOldGen       total 184320K, used 64281K [0x0000000080800000, 0x000000008bc00000, 0x00000000d5800000)
  object space 184320K, 34% used [0x0000000080800000,0x00000000846c64a8,0x000000008bc00000)
 Metaspace       used 16297K, capacity 16598K, committed 16768K, reserved 1064960K
  class space    used 1790K, capacity 1905K, committed 1920K, reserved 1048576K
GC Heap History (10 events):
Event: 1.775 GC heap before
{Heap before GC invocations=3 (full 0):
 PSYoungGen      total 71680K, used 64478K [0x00000000d5800000, 0x00000000da300000, 0x0000000100000000)
  eden space 66560K, 93% used [0x00000000d5800000,0x00000000d94cb9f8,0x00000000d9900000)
  from space 5120K, 43% used [0x00000000d9e00000,0x00000000da02c010,0x00000000da300000)
  to   space 5120K, 0% used [0x00000000d9900000,0x00000000d9900000,0x00000000d9e00000)
 ParOldGen       total 87552K, used 25091K [0x0000000080800000, 0x0000000085d80000, 0x00000000d5800000)
  object space 87552K, 28% used [0x0000000080800000,0x0000000082080c40,0x0000000085d80000)
 Metaspace       used 11695K, capacity 11966K, committed 12160K, reserved 1060864K
  class space    used 1238K, capacity 1344K, committed 1408K, reserved 1048576K
Event: 1.812 GC heap after
Heap after GC invocations=3 (full 0):
 PSYoungGen      total 71680K, used 2240K [0x00000000d5800000, 0x00000000de400000, 0x0000000100000000)
  eden space 66560K, 0% used [0x00000000d5800000,0x00000000d5800000,0x00000000d9900000)
  from space 5120K, 43% used [0x00000000d9900000,0x00000000d9b30020,0x00000000d9e00000)
  to   space 5120K, 0% used [0x00000000ddf00000,0x00000000ddf00000,0x00000000de400000)
 ParOldGen       total 87552K, used 49675K [0x0000000080800000, 0x0000000085d80000, 0x00000000d5800000)
  object space 87552K, 56% used [0x0000000080800000,0x0000000083882c80,0x0000000085d80000)
 Metaspace       used 11695K, capacity 11966K, committed 12160K, reserved 1060864K
  class space    used 1238K, capacity 1344K, committed 1408K, reserved 1048576K
}
Event: 2.159 GC heap before
{Heap before GC invocations=4 (full 0):
 PSYoungGen      total 71680K, used 65537K [0x00000000d5800000, 0x00000000de400000, 0x0000000100000000)
  eden space 66560K, 95% used [0x00000000d5800000,0x00000000d95d07c0,0x00000000d9900000)
  from space 5120K, 43% used [0x00000000d9900000,0x00000000d9b30020,0x00000000d9e00000)
  to   space 5120K, 0% used [0x00000000ddf00000,0x00000000ddf00000,0x00000000de400000)
 ParOldGen       total 87552K, used 49675K [0x0000000080800000, 0x0000000085d80000, 0x00000000d5800000)
  object space 87552K, 56% used [0x0000000080800000,0x0000000083882c80,0x0000000085d80000)
 Metaspace       used 11793K, capacity 12030K, committed 12160K, reserved 1060864K
  class space    used 1242K, capacity 1344K, committed 1408K, reserved 1048576K
Event: 2.274 GC heap after
Heap after GC invocations=4 (full 0):
 PSYoungGen      total 138240K, used 3168K [0x00000000d5800000, 0x00000000de400000, 0x0000000100000000)
  eden space 133120K, 0% used [0x00000000d5800000,0x00000000d5800000,0x00000000dda00000)
  from space 5120K, 61% used [0x00000000ddf00000,0x00000000de218040,0x00000000de400000)
  to   space 5120K, 0% used [0x00000000dda00000,0x00000000dda00000,0x00000000ddf00000)
 ParOldGen       total 99840K, used 98413K [0x0000000080800000, 0x0000000086980000, 0x00000000d5800000)
  object space 99840K, 98% used [0x0000000080800000,0x000000008681b4d0,0x0000000086980000)
 Metaspace       used 11793K, capacity 12030K, committed 12160K, reserved 1060864K
  class space    used 1242K, capacity 1344K, committed 1408K, reserved 1048576K
}
Event: 2.274 GC heap before
{Heap before GC invocations=5 (full 1):
 PSYoungGen      total 138240K, used 3168K [0x00000000d5800000, 0x00000000de400000, 0x0000000100000000)
  eden space 133120K, 0% used [0x00000000d5800000,0x00000000d5800000,0x00000000dda00000)
  from space 5120K, 61% used [0x00000000ddf00000,0x00000000de218040,0x00000000de400000)
  to   space 5120K, 0% used [0x00000000dda00000,0x00000000dda00000,0x00000000ddf00000)
 ParOldGen       total 99840K, used 98413K [0x0000000080800000, 0x0000000086980000, 0x00000000d5800000)
  object space 99840K, 98% used [0x0000000080800000,0x000000008681b4d0,0x0000000086980000)
 Metaspace       used 11793K, capacity 12030K, committed 12160K, reserved 1060864K
  class space    used 1242K, capacity 1344K, committed 1408K, reserved 1048576K
Event: 2.372 GC heap after
Heap after GC invocations=5 (full 1):
 PSYoungGen      total 138240K, used 0K [0x00000000d5800000, 0x00000000de400000, 0x0000000100000000)
  eden space 133120K, 0% used [0x00000000d5800000,0x00000000d5800000,0x00000000dda00000)
  from space 5120K, 0% used [0x00000000ddf00000,0x00000000ddf00000,0x00000000de400000)
  to   space 5120K, 0% used [0x00000000dda00000,0x00000000dda00000,0x00000000ddf00000)
 ParOldGen       total 136704K, used 41812K [0x0000000080800000, 0x0000000088d80000, 0x00000000d5800000)
  object space 136704K, 30% used [0x0000000080800000,0x00000000830d5028,0x0000000088d80000)
 Metaspace       used 11793K, capacity 12030K, committed 12160K, reserved 1060864K
  class space    used 1242K, capacity 1344K, committed 1408K, reserved 1048576K
}
Event: 3.033 GC heap before
{Heap before GC invocations=6 (full 1):
 PSYoungGen      total 138240K, used 133120K [0x00000000d5800000, 0x00000000de400000, 0x0000000100000000)
  eden space 133120K, 100% used [0x00000000d5800000,0x00000000dda00000,0x00000000dda00000)
  from space 5120K, 0% used [0x00000000ddf00000,0x00000000ddf00000,0x00000000de400000)
  to   space 5120K, 0% used [0x00000000dda00000,0x00000000dda00000,0x00000000ddf00000)
 ParOldGen       total 136704K, used 41812K [0x0000000080800000, 0x0000000088d80000, 0x00000000d5800000)
  object space 136704K, 30% used [0x0000000080800000,0x00000000830d5028,0x0000000088d80000)
 Metaspace       used 11955K, capacity 12158K, committed 12416K, reserved 1060864K
  class space    used 1252K, capacity 1344K, committed 1408K, reserved 1048576K
Event: 3.054 GC heap after
Heap after GC invocations=6 (full 1):
 PSYoungGen      total 138240K, used 5105K [0x00000000d5800000, 0x00000000e7500000, 0x0000000100000000)
  eden space 133120K, 0% used [0x00000000d5800000,0x00000000d5800000,0x00000000dda00000)
  from space 5120K, 99% used [0x00000000dda00000,0x00000000ddefc7b0,0x00000000ddf00000)
  to   space 33792K, 0% used [0x00000000e5400000,0x00000000e5400000,0x00000000e7500000)
 ParOldGen       total 136704K, used 83677K [0x0000000080800000, 0x0000000088d80000, 0x00000000d5800000)
  object space 136704K, 61% used [0x0000000080800000,0x00000000859b74b0,0x0000000088d80000)
 Metaspace       used 11955K, capacity 12158K, committed 12416K, reserved 1060864K
  class space    used 1252K, capacity 1344K, committed 1408K, reserved 1048576K
}
Event: 3.054 GC heap before
{Heap before GC invocations=7 (full 2):
 PSYoungGen      total 138240K, used 5105K [0x00000000d5800000, 0x00000000e7500000, 0x0000000100000000)
  eden space 133120K, 0% used [0x00000000d5800000,0x00000000d5800000,0x00000000dda00000)
  from space 5120K, 99% used [0x00000000dda00000,0x00000000ddefc7b0,0x00000000ddf00000)
  to   space 33792K, 0% used [0x00000000e5400000,0x00000000e5400000,0x00000000e7500000)
 ParOldGen       total 136704K, used 83677K [0x0000000080800000, 0x0000000088d80000, 0x00000000d5800000)
  object space 136704K, 61% used [0x0000000080800000,0x00000000859b74b0,0x0000000088d80000)
 Metaspace       used 11955K, capacity 12158K, committed 12416K, reserved 1060864K
  class space    used 1252K, capacity 1344K, committed 1408K, reserved 1048576K
Event: 3.131 GC heap after
Heap after GC invocations=7 (full 2):
 PSYoungGen      total 138240K, used 0K [0x00000000d5800000, 0x00000000e7500000, 0x0000000100000000)
  eden space 133120K, 0% used [0x00000000d5800000,0x00000000d5800000,0x00000000dda00000)
  from space 5120K, 0% used [0x00000000dda00000,0x00000000dda00000,0x00000000ddf00000)
  to   space 33792K, 0% used [0x00000000e5400000,0x00000000e5400000,0x00000000e7500000)
 ParOldGen       total 184320K, used 64281K [0x0000000080800000, 0x000000008bc00000, 0x00000000d5800000)
  object space 184320K, 34% used [0x0000000080800000,0x00000000846c64a8,0x000000008bc00000)
 Metaspace       used 11955K, capacity 12158K, committed 12416K, reserved 1060864K
  class space    used 1252K, capacity 1344K, committed 1408K, reserved 1048576K
}

